#
# There is insufficient memory for the Java Runtime Environment to continue.
# Native memory allocation (malloc) failed to allocate 1426176 bytes for Chunk::new
# Possible reasons:
#   The system is out of physical RAM or swap space
#   The process is running with CompressedOops enabled, and the Java Heap may be blocking the growth of the native heap
# Possible solutions:
#   Reduce memory load on the system
#   Increase physical memory or swap space
#   Check if swap backing store is full
#   Decrease Java heap size (-Xmx/-Xms)
#   Decrease number of Java threads
#   Decrease Java thread stack sizes (-Xss)
#   Set larger code cache with -XX:ReservedCodeCacheSize=
#   JVM is running with Unscaled Compressed Oops mode in which the Java heap is
#     placed in the first 4GB address space. The Java Heap base address is the
#     maximum limit for the native heap growth. Please use -XX:HeapBaseMinAddress
#     to set the Java Heap base and to place the Java Heap above 4GB virtual address.
# This output file may be truncated or incomplete.
#
#  Out of Memory Error (allocation.cpp:389), pid=5996, tid=0x000000000000070c
#
# JRE version: OpenJDK Runtime Environment (8.0_202-b03) (build 1.8.0_202-release-1483-b03)
# Java VM: OpenJDK 64-Bit Server VM (25.202-b03 mixed mode windows-amd64 compressed oops)
# Failed to write core dump. Minidumps are not enabled by default on client versions of Windows
#

---------------  T H R E A D  ---------------

Current thread (0x00000000160b8000):  JavaThread "C2 CompilerThread0" daemon [_thread_in_native, id=1804, stack(0x0000000017720000,0x0000000017820000)]

Stack: [0x0000000017720000,0x0000000017820000]
[error occurred during error reporting (printing stack bounds), id 0xc0000005]

Native frames: (J=compiled Java code, j=interpreted, Vv=VM code, C=native code)


Current CompileTask:
C2:   1870 1392       4       java.net.URLClassLoader$1::run (5 bytes)


---------------  P R O C E S S  ---------------

Java Threads: ( => current thread )
  0x0000000018dfe000 JavaThread "Cache worker for journal cache (C:\Users\doran\.gradle\caches\journal-1)" [_thread_blocked, id=6136, stack(0x000000001ac70000,0x000000001ad70000)]
  0x0000000018df8800 JavaThread "File lock request listener" [_thread_in_native, id=7820, stack(0x000000001ab70000,0x000000001ac70000)]
  0x0000000018acc800 JavaThread "Cache worker for file hash cache (C:\Users\doran\.gradle\caches\5.4.1\fileHashes)" [_thread_blocked, id=372, stack(0x000000001aa70000,0x000000001ab70000)]
  0x0000000018fe0000 JavaThread "Thread-9" [_thread_blocked, id=8524, stack(0x000000001a970000,0x000000001aa70000)]
  0x00000000193c8800 JavaThread "Stdin handler" [_thread_blocked, id=5196, stack(0x000000001a870000,0x000000001a970000)]
  0x0000000019335800 JavaThread "Asynchronous log dispatcher for DefaultDaemonConnection: socket connection from /127.0.0.1:52720 to /127.0.0.1:52721" [_thread_blocked, id=6364, stack(0x000000001a770000,0x000000001a870000)]
  0x0000000019033800 JavaThread "Daemon worker" [_thread_in_vm, id=652, stack(0x000000001a670000,0x000000001a770000)]
  0x0000000019032000 JavaThread "Cancel handler" [_thread_blocked, id=11100, stack(0x000000001a570000,0x000000001a670000)]
  0x0000000018133000 JavaThread "Handler for socket connection from /127.0.0.1:52720 to /127.0.0.1:52721" [_thread_in_native, id=9380, stack(0x000000001a270000,0x000000001a370000)]
  0x0000000017abe000 JavaThread "Daemon" [_thread_blocked, id=5732, stack(0x000000001a170000,0x000000001a270000)]
  0x00000000181b3000 JavaThread "Daemon periodic checks" [_thread_blocked, id=11948, stack(0x000000001a070000,0x000000001a170000)]
  0x0000000017da1000 JavaThread "Incoming local TCP Connector on port 52720" [_thread_in_native, id=11748, stack(0x0000000019e30000,0x0000000019f30000)]
  0x0000000019347000 JavaThread "Daemon health stats" [_thread_blocked, id=1228, stack(0x00000000197f0000,0x00000000198f0000)]
  0x0000000017a48800 JavaThread "Service Thread" daemon [_thread_blocked, id=3480, stack(0x0000000017e20000,0x0000000017f20000)]
  0x00000000160c7000 JavaThread "C1 CompilerThread2" daemon [_thread_blocked, id=5056, stack(0x0000000017920000,0x0000000017a20000)]
  0x00000000160bb800 JavaThread "C2 CompilerThread1" daemon [_thread_in_native, id=2644, stack(0x0000000017820000,0x0000000017920000)]
=>0x00000000160b8000 JavaThread "C2 CompilerThread0" daemon [_thread_in_native, id=1804, stack(0x0000000017720000,0x0000000017820000)]
  0x00000000160c5800 JavaThread "Attach Listener" daemon [_thread_blocked, id=9016, stack(0x0000000017620000,0x0000000017720000)]
  0x00000000160c4000 JavaThread "Signal Dispatcher" daemon [_thread_blocked, id=9848, stack(0x0000000017520000,0x0000000017620000)]
  0x000000000274b000 JavaThread "Finalizer" daemon [_thread_blocked, id=7520, stack(0x0000000017320000,0x0000000017420000)]
  0x00000000160a9000 JavaThread "Reference Handler" daemon [_thread_blocked, id=324, stack(0x0000000017220000,0x0000000017320000)]
  0x000000000254d800 JavaThread "main" [_thread_blocked, id=5652, stack(0x0000000002550000,0x0000000002650000)]

Other Threads:
  0x0000000016087000 VMThread [stack: 0x0000000017120000,0x0000000017220000] [id=4108]
  0x000000001611e800 WatcherThread [stack: 0x0000000017f20000,0x0000000018020000] [id=1296]

VM state:not at safepoint (normal execution)

VM Mutex/Monitor currently owned by a thread: None

heap address: 0x00000000a0000000, size: 1536 MB, Compressed Oops mode: 32-bit
Narrow klass base: 0x0000000000000000, Narrow klass shift: 3
Compressed class space size: 1073741824 Address: 0x0000000100000000

Heap:
 PSYoungGen      total 38400K, used 30143K [0x00000000e0000000, 0x00000000e2a80000, 0x0000000100000000)
  eden space 33280K, 75% used [0x00000000e0000000,0x00000000e1877588,0x00000000e2080000)
  from space 5120K, 99% used [0x00000000e2080000,0x00000000e2578998,0x00000000e2580000)
  to   space 5120K, 0% used [0x00000000e2580000,0x00000000e2580000,0x00000000e2a80000)
 ParOldGen       total 87552K, used 1942K [0x00000000a0000000, 0x00000000a5580000, 0x00000000e0000000)
  object space 87552K, 2% used [0x00000000a0000000,0x00000000a01e5bd0,0x00000000a5580000)
 Metaspace       used 15398K, capacity 15780K, committed 16000K, reserved 1062912K
  class space    used 2190K, capacity 2328K, committed 2432K, reserved 1048576K

Card table byte_map: [0x0000000011b10000,0x0000000011e20000] byte_map_base: 0x0000000011610000

Marking Bits: (ParMarkBitMap*) 0x000000006bc49f30
 Begin Bits: [0x0000000012420000, 0x0000000013c20000)
 End Bits:   [0x0000000013c20000, 0x0000000015420000)

Polling page: 0x00000000003f0000

CodeCache: size=245760Kb used=5033Kb max_used=5038Kb free=240726Kb
 bounds [0x0000000002750000, 0x0000000002c40000, 0x0000000011750000]
 total_blobs=1829 nmethods=1441 adapters=302
 compilation: enabled

Compilation events (10 events):
Event: 1.827 Thread 0x00000000160bb800 nmethod 1435 0x0000000002c3d890 code [0x0000000002c3d9e0, 0x0000000002c3de18]
Event: 1.827 Thread 0x00000000160bb800 1437   !   4       java.net.URLClassLoader$1::run (63 bytes)
Event: 1.835 Thread 0x00000000160c7000 1440       3       java.nio.HeapByteBuffer::ix (7 bytes)
Event: 1.835 Thread 0x00000000160c7000 nmethod 1440 0x0000000002c3d010 code [0x0000000002c3d160, 0x0000000002c3d2b0]
Event: 1.845 Thread 0x00000000160c7000 1441       3       java.lang.ClassLoader::addClass (9 bytes)
Event: 1.845 Thread 0x00000000160c7000 nmethod 1441 0x0000000002c3cbd0 code [0x0000000002c3cd40, 0x0000000002c3cf68]
Event: 1.855 Thread 0x00000000160c7000 1442       3       java.lang.StringBuilder::append (10 bytes)
Event: 1.855 Thread 0x00000000160c7000 nmethod 1442 0x0000000002c3c850 code [0x0000000002c3c9c0, 0x0000000002c3cb48]
Event: 1.855 Thread 0x00000000160c7000 1443       1       com.google.common.io.LineReader::access$000 (5 bytes)
Event: 1.855 Thread 0x00000000160c7000 nmethod 1443 0x0000000002c3c590 code [0x0000000002c3c6e0, 0x0000000002c3c7d0]

GC Heap History (6 events):
Event: 0.590 GC heap before
{Heap before GC invocations=1 (full 0):
 PSYoungGen      total 38400K, used 33280K [0x00000000e0000000, 0x00000000e2a80000, 0x0000000100000000)
  eden space 33280K, 100% used [0x00000000e0000000,0x00000000e2080000,0x00000000e2080000)
  from space 5120K, 0% used [0x00000000e2580000,0x00000000e2580000,0x00000000e2a80000)
  to   space 5120K, 0% used [0x00000000e2080000,0x00000000e2080000,0x00000000e2580000)
 ParOldGen       total 87552K, used 0K [0x00000000a0000000, 0x00000000a5580000, 0x00000000e0000000)
  object space 87552K, 0% used [0x00000000a0000000,0x00000000a0000000,0x00000000a5580000)
 Metaspace       used 6954K, capacity 7172K, committed 7424K, reserved 1056768K
  class space    used 850K, capacity 908K, committed 1024K, reserved 1048576K
Event: 0.594 GC heap after
Heap after GC invocations=1 (full 0):
 PSYoungGen      total 38400K, used 4199K [0x00000000e0000000, 0x00000000e2a80000, 0x0000000100000000)
  eden space 33280K, 0% used [0x00000000e0000000,0x00000000e0000000,0x00000000e2080000)
  from space 5120K, 82% used [0x00000000e2080000,0x00000000e2499e00,0x00000000e2580000)
  to   space 5120K, 0% used [0x00000000e2580000,0x00000000e2580000,0x00000000e2a80000)
 ParOldGen       total 87552K, used 8K [0x00000000a0000000, 0x00000000a5580000, 0x00000000e0000000)
  object space 87552K, 0% used [0x00000000a0000000,0x00000000a0002000,0x00000000a5580000)
 Metaspace       used 6954K, capacity 7172K, committed 7424K, reserved 1056768K
  class space    used 850K, capacity 908K, committed 1024K, reserved 1048576K
}
Event: 0.867 GC heap before
{Heap before GC invocations=2 (full 0):
 PSYoungGen      total 38400K, used 37479K [0x00000000e0000000, 0x00000000e2a80000, 0x0000000100000000)
  eden space 33280K, 100% used [0x00000000e0000000,0x00000000e2080000,0x00000000e2080000)
  from space 5120K, 82% used [0x00000000e2080000,0x00000000e2499e00,0x00000000e2580000)
  to   space 5120K, 0% used [0x00000000e2580000,0x00000000e2580000,0x00000000e2a80000)
 ParOldGen       total 87552K, used 8K [0x00000000a0000000, 0x00000000a5580000, 0x00000000e0000000)
  object space 87552K, 0% used [0x00000000a0000000,0x00000000a0002000,0x00000000a5580000)
 Metaspace       used 8964K, capacity 9192K, committed 9216K, reserved 1056768K
  class space    used 1170K, capacity 1258K, committed 1280K, reserved 1048576K
Event: 0.871 GC heap after
Heap after GC invocations=2 (full 0):
 PSYoungGen      total 38400K, used 4529K [0x00000000e0000000, 0x00000000e2a80000, 0x0000000100000000)
  eden space 33280K, 0% used [0x00000000e0000000,0x00000000e0000000,0x00000000e2080000)
  from space 5120K, 88% used [0x00000000e2580000,0x00000000e29ec5f0,0x00000000e2a80000)
  to   space 5120K, 0% used [0x00000000e2080000,0x00000000e2080000,0x00000000e2580000)
 ParOldGen       total 87552K, used 16K [0x00000000a0000000, 0x00000000a5580000, 0x00000000e0000000)
  object space 87552K, 0% used [0x00000000a0000000,0x00000000a0004000,0x00000000a5580000)
 Metaspace       used 8964K, capacity 9192K, committed 9216K, reserved 1056768K
  class space    used 1170K, capacity 1258K, committed 1280K, reserved 1048576K
}
Event: 1.670 GC heap before
{Heap before GC invocations=3 (full 0):
 PSYoungGen      total 38400K, used 37809K [0x00000000e0000000, 0x00000000e2a80000, 0x0000000100000000)
  eden space 33280K, 100% used [0x00000000e0000000,0x00000000e2080000,0x00000000e2080000)
  from space 5120K, 88% used [0x00000000e2580000,0x00000000e29ec5f0,0x00000000e2a80000)
  to   space 5120K, 0% used [0x00000000e2080000,0x00000000e2080000,0x00000000e2580000)
 ParOldGen       total 87552K, used 16K [0x00000000a0000000, 0x00000000a5580000, 0x00000000e0000000)
  object space 87552K, 0% used [0x00000000a0000000,0x00000000a0004000,0x00000000a5580000)
 Metaspace       used 13392K, capacity 13780K, committed 14080K, reserved 1060864K
  class space    used 1851K, capacity 1998K, committed 2048K, reserved 1048576K
Event: 1.676 GC heap after
Heap after GC invocations=3 (full 0):
 PSYoungGen      total 38400K, used 5090K [0x00000000e0000000, 0x00000000e2a80000, 0x0000000100000000)
  eden space 33280K, 0% used [0x00000000e0000000,0x00000000e0000000,0x00000000e2080000)
  from space 5120K, 99% used [0x00000000e2080000,0x00000000e2578998,0x00000000e2580000)
  to   space 5120K, 0% used [0x00000000e2580000,0x00000000e2580000,0x00000000e2a80000)
 ParOldGen       total 87552K, used 1942K [0x00000000a0000000, 0x00000000a5580000, 0x00000000e0000000)
  object space 87552K, 2% used [0x00000000a0000000,0x00000000a01e5bd0,0x00000000a5580000)
 Metaspace       used 13392K, capacity 13780K, committed 14080K, reserved 1060864K
  class space    used 1851K, capacity 1998K, committed 2048K, reserved 1048576K
}

Deoptimization events (10 events):
Event: 1.421 Thread 0x000000000254d800 Uncommon trap: reason=unstable_if action=reinterpret pc=0x0000000002aff3a4 method=java.util.concurrent.ConcurrentHashMap.addCount(JI)V @ 34
Event: 1.517 Thread 0x0000000019033800 Uncommon trap: reason=bimorphic action=maybe_recompile pc=0x00000000029d9814 method=java.util.HashMap.putVal(ILjava/lang/Object;Ljava/lang/Object;ZZ)Ljava/lang/Object; @ 253
Event: 1.518 Thread 0x0000000019033800 Uncommon trap: reason=bimorphic action=maybe_recompile pc=0x00000000029d9814 method=java.util.HashMap.putVal(ILjava/lang/Object;Ljava/lang/Object;ZZ)Ljava/lang/Object; @ 253
Event: 1.518 Thread 0x0000000019033800 Uncommon trap: reason=bimorphic action=maybe_recompile pc=0x00000000029d9814 method=java.util.HashMap.putVal(ILjava/lang/Object;Ljava/lang/Object;ZZ)Ljava/lang/Object; @ 253
Event: 1.518 Thread 0x0000000019033800 Uncommon trap: reason=bimorphic action=maybe_recompile pc=0x00000000029cee1c method=java.util.HashMap.putVal(ILjava/lang/Object;Ljava/lang/Object;ZZ)Ljava/lang/Object; @ 253
Event: 1.666 Thread 0x0000000019033800 Uncommon trap: reason=class_check action=maybe_recompile pc=0x0000000002a3921c method=java.util.regex.Matcher.match(II)Z @ 86
Event: 1.682 Thread 0x0000000019033800 Uncommon trap: reason=class_check action=maybe_recompile pc=0x0000000002a3921c method=java.util.regex.Matcher.match(II)Z @ 86
Event: 1.682 Thread 0x0000000019033800 Uncommon trap: reason=class_check action=maybe_recompile pc=0x0000000002a3921c method=java.util.regex.Matcher.match(II)Z @ 86
Event: 1.683 Thread 0x0000000019033800 Uncommon trap: reason=class_check action=maybe_recompile pc=0x00000000029f1488 method=java.util.regex.Matcher.match(II)Z @ 86
Event: 1.844 Thread 0x0000000019033800 Uncommon trap: reason=unstable_if action=reinterpret pc=0x0000000002af56bc method=java.lang.String.lastIndexOf([CII[CIII)I @ 66

Classes redefined (0 events):
No events

Internal exceptions (10 events):
Event: 1.456 Thread 0x0000000018133000 Exception <a 'java/lang/NoSuchMethodError': <clinit>> (0x00000000e09bfeb8) thrown at [D:\src\AOSP-openjdk-cygwin\jdk8u\hotspot\src\share\vm\prims\jni.cpp, line 1614]
Event: 1.459 Thread 0x0000000018133000 Exception <a 'java/lang/NoSuchMethodError': <clinit>> (0x00000000e09d3090) thrown at [D:\src\AOSP-openjdk-cygwin\jdk8u\hotspot\src\share\vm\prims\jni.cpp, line 1614]
Event: 1.461 Thread 0x0000000018133000 Exception <a 'java/lang/NoSuchMethodError': <clinit>> (0x00000000e09fa480) thrown at [D:\src\AOSP-openjdk-cygwin\jdk8u\hotspot\src\share\vm\prims\jni.cpp, line 1614]
Event: 1.463 Thread 0x0000000018133000 Exception <a 'java/lang/NoSuchMethodError': <clinit>> (0x00000000e0a124c8) thrown at [D:\src\AOSP-openjdk-cygwin\jdk8u\hotspot\src\share\vm\prims\jni.cpp, line 1614]
Event: 1.464 Thread 0x0000000018133000 Exception <a 'java/lang/NoSuchMethodError': <clinit>> (0x00000000e0a1b158) thrown at [D:\src\AOSP-openjdk-cygwin\jdk8u\hotspot\src\share\vm\prims\jni.cpp, line 1614]
Event: 1.465 Thread 0x0000000018133000 Exception <a 'java/lang/NoSuchMethodError': <clinit>> (0x00000000e0a317e0) thrown at [D:\src\AOSP-openjdk-cygwin\jdk8u\hotspot\src\share\vm\prims\jni.cpp, line 1614]
Event: 1.474 Thread 0x0000000018133000 Exception <a 'java/lang/NoSuchMethodError': <clinit>> (0x00000000e0a8ef60) thrown at [D:\src\AOSP-openjdk-cygwin\jdk8u\hotspot\src\share\vm\prims\jni.cpp, line 1614]
Event: 1.479 Thread 0x0000000018133000 Exception <a 'java/lang/NoSuchMethodError': <clinit>> (0x00000000e0abbca0) thrown at [D:\src\AOSP-openjdk-cygwin\jdk8u\hotspot\src\share\vm\prims\jni.cpp, line 1614]
Event: 1.492 Thread 0x0000000018133000 Exception <a 'java/lang/NoSuchMethodError': <clinit>> (0x00000000e0ae9cb8) thrown at [D:\src\AOSP-openjdk-cygwin\jdk8u\hotspot\src\share\vm\prims\jni.cpp, line 1614]
Event: 1.493 Thread 0x0000000018133000 Exception <a 'java/lang/NoSuchMethodError': <clinit>> (0x00000000e0af50c0) thrown at [D:\src\AOSP-openjdk-cygwin\jdk8u\hotspot\src\share\vm\prims\jni.cpp, line 1614]

Events (10 events):
Event: 1.867 loading class com/google/common/base/CharMatcher$IsNot
Event: 1.867 loading class com/google/common/base/CharMatcher$IsNot done
Event: 1.868 loading class com/google/common/base/CharMatcher$AnyOf
Event: 1.868 loading class com/google/common/base/CharMatcher$AnyOf done
Event: 1.868 loading class com/google/common/base/CharMatcher$Invisible
Event: 1.868 loading class com/google/common/base/CharMatcher$Invisible done
Event: 1.868 loading class com/google/common/base/CharMatcher$Whitespace
Event: 1.868 loading class com/google/common/base/CharMatcher$Whitespace done
Event: 1.868 loading class com/google/common/base/CharMatcher$JavaIsoControl
Event: 1.868 loading class com/google/common/base/CharMatcher$JavaIsoControl done


Dynamic libraries:
0x00007ff6a4e50000 - 0x00007ff6a4e81000 	C:\Program Files\Android\Android Studio\jre\bin\java.exe
0x00007ffc37ec0000 - 0x00007ffc380b0000 	C:\Windows\SYSTEM32\ntdll.dll
0x00007ffc36790000 - 0x00007ffc36842000 	C:\Windows\System32\KERNEL32.DLL
0x00007ffc34e50000 - 0x00007ffc350f3000 	C:\Windows\System32\KERNELBASE.dll
0x00007ffc36480000 - 0x00007ffc36523000 	C:\Windows\System32\ADVAPI32.dll
0x00007ffc36560000 - 0x00007ffc365fe000 	C:\Windows\System32\msvcrt.dll
0x00007ffc36280000 - 0x00007ffc36317000 	C:\Windows\System32\sechost.dll
0x00007ffc36050000 - 0x00007ffc36170000 	C:\Windows\System32\RPCRT4.dll
0x00007ffc36f70000 - 0x00007ffc37104000 	C:\Windows\System32\USER32.dll
0x00007ffc35120000 - 0x00007ffc35141000 	C:\Windows\System32\win32u.dll
0x00007ffc368c0000 - 0x00007ffc368e6000 	C:\Windows\System32\GDI32.dll
0x00007ffc35d70000 - 0x00007ffc35f04000 	C:\Windows\System32\gdi32full.dll
0x00007ffc351d0000 - 0x00007ffc3526e000 	C:\Windows\System32\msvcp_win.dll
0x00007ffc35270000 - 0x00007ffc3536a000 	C:\Windows\System32\ucrtbase.dll
0x00007ffc28920000 - 0x00007ffc28ba5000 	C:\Windows\WinSxS\amd64_microsoft.windows.common-controls_6595b64144ccf1df_6.0.18362.418_none_e6c6b287130d565d\COMCTL32.dll
0x00007ffc37270000 - 0x00007ffc375a6000 	C:\Windows\System32\combase.dll
0x00007ffc35150000 - 0x00007ffc351d0000 	C:\Windows\System32\bcryptPrimitives.dll
0x00007ffc36530000 - 0x00007ffc3655e000 	C:\Windows\System32\IMM32.DLL
0x0000000069510000 - 0x00000000695e2000 	C:\Program Files\Android\Android Studio\jre\jre\bin\msvcr100.dll
0x000000006b480000 - 0x000000006bcc6000 	C:\Program Files\Android\Android Studio\jre\jre\bin\server\jvm.dll
0x00007ffc36040000 - 0x00007ffc36048000 	C:\Windows\System32\PSAPI.DLL
0x00007ffc328b0000 - 0x00007ffc328d4000 	C:\Windows\SYSTEM32\WINMM.dll
0x00007ffc2ee80000 - 0x00007ffc2ee8a000 	C:\Windows\SYSTEM32\VERSION.dll
0x00007ffc32880000 - 0x00007ffc328ad000 	C:\Windows\SYSTEM32\WINMMBASE.dll
0x00007ffc30f60000 - 0x00007ffc30f69000 	C:\Windows\SYSTEM32\WSOCK32.dll
0x00007ffc35370000 - 0x00007ffc353ba000 	C:\Windows\System32\cfgmgr32.dll
0x00007ffc36850000 - 0x00007ffc368bf000 	C:\Windows\System32\WS2_32.dll
0x00007ffc2d0c0000 - 0x00007ffc2d0cf000 	C:\Program Files\Android\Android Studio\jre\jre\bin\verify.dll
0x00007ffc1a670000 - 0x00007ffc1a699000 	C:\Program Files\Android\Android Studio\jre\jre\bin\java.dll
0x00007ffc2aa70000 - 0x00007ffc2aa86000 	C:\Program Files\Android\Android Studio\jre\jre\bin\zip.dll
0x00007ffc37640000 - 0x00007ffc37d25000 	C:\Windows\System32\SHELL32.dll
0x00007ffc361d0000 - 0x00007ffc36279000 	C:\Windows\System32\shcore.dll
0x00007ffc353c0000 - 0x00007ffc35b3f000 	C:\Windows\System32\windows.storage.dll
0x00007ffc34e30000 - 0x00007ffc34e4f000 	C:\Windows\System32\profapi.dll
0x00007ffc34dc0000 - 0x00007ffc34e0a000 	C:\Windows\System32\powrprof.dll
0x00007ffc34d90000 - 0x00007ffc34da0000 	C:\Windows\System32\UMPDC.dll
0x00007ffc37db0000 - 0x00007ffc37e02000 	C:\Windows\System32\shlwapi.dll
0x00007ffc34da0000 - 0x00007ffc34db1000 	C:\Windows\System32\kernel.appcore.dll
0x00007ffc35100000 - 0x00007ffc35117000 	C:\Windows\System32\cryptsp.dll
0x00007ffc1fb60000 - 0x00007ffc1fb7a000 	C:\Program Files\Android\Android Studio\jre\jre\bin\net.dll
0x00007ffc34600000 - 0x00007ffc34667000 	C:\Windows\system32\mswsock.dll
0x00007ffc1f7d0000 - 0x00007ffc1f7e1000 	C:\Program Files\Android\Android Studio\jre\jre\bin\nio.dll
0x00007ffc0d9d0000 - 0x00007ffc0d9f6000 	C:\Users\doran\.gradle\native\29\windows-amd64\native-platform.dll
0x00007ffc2bda0000 - 0x00007ffc2bdad000 	C:\Program Files\Android\Android Studio\jre\jre\bin\management.dll
0x00007ffc34170000 - 0x00007ffc341a3000 	C:\Windows\system32\rsaenh.dll
0x00007ffc35b40000 - 0x00007ffc35b66000 	C:\Windows\System32\bcrypt.dll
0x00007ffc34cb0000 - 0x00007ffc34cd5000 	C:\Windows\SYSTEM32\USERENV.dll
0x00007ffc347d0000 - 0x00007ffc347dc000 	C:\Windows\SYSTEM32\CRYPTBASE.dll
0x00007ffc34310000 - 0x00007ffc3434a000 	C:\Windows\SYSTEM32\IPHLPAPI.DLL
0x00007ffc37630000 - 0x00007ffc37638000 	C:\Windows\System32\NSI.dll
0x00007ffc2bd60000 - 0x00007ffc2bd76000 	C:\Windows\SYSTEM32\dhcpcsvc6.DLL
0x00007ffc2bf50000 - 0x00007ffc2bf6c000 	C:\Windows\SYSTEM32\dhcpcsvc.DLL
0x00007ffc34350000 - 0x00007ffc3441a000 	C:\Windows\SYSTEM32\DNSAPI.dll

VM Arguments:
jvm_args: -Xmx1536m -Dfile.encoding=windows-1252 -Duser.country=IE -Duser.language=en -Duser.variant 
java_command: org.gradle.launcher.daemon.bootstrap.GradleDaemon 5.4.1
java_class_path (initial): C:\Users\doran\.gradle\wrapper\dists\gradle-5.4.1-all\3221gyojl5jsh0helicew7rwx\gradle-5.4.1\lib\gradle-launcher-5.4.1.jar
Launcher Type: SUN_STANDARD

Environment Variables:
PATH=C:\Program Files (x86)\Razer\ChromaBroadcast\bin;C:\Program Files\Razer\ChromaBroadcast\bin;C:\Program Files (x86)\Common Files\Oracle\Java\javapath;C:\Program Files (x86)\NVIDIA Corporation\PhysX\Common;C:\Windows\system32;C:\Windows;C:\Windows\System32\Wbem;C:\Windows\System32\WindowsPowerShell\v1.0\;C:\Windows\System32\OpenSSH\;C:\Windows\system32\config\systemprofile\AppData\Local\Microsoft\WindowsApps;C:\Program Files\Microsoft SQL Server\130\Tools\Binn\;N:\Program Files\Git\cmd;C:\Program Files\dotnet\;C:\Users\doran\AppData\Local\Microsoft\WindowsApps;
USERNAME=doran
OS=Windows_NT
PROCESSOR_IDENTIFIER=AMD64 Family 23 Model 17 Stepping 0, AuthenticAMD



---------------  S Y S T E M  ---------------

OS: Windows 10.0 , 64 bit Build 18362 (10.0.18362.329)

CPU:total 4 (initial active 4) (4 cores per cpu, 1 threads per core) family 23 model 17 stepping 0, cmov, cx8, fxsr, mmx, sse, sse2, sse3, ssse3, sse4.1, sse4.2, popcnt, avx, avx2, aes, clmul, mmxext, 3dnowpref, lzcnt, sse4a, tsc, tscinvbit, tscinv, bmi1

Memory: 4k page, physical 8315976k(1517592k free), swap 33481800k(5724k free)

vm_info: OpenJDK 64-Bit Server VM (25.202-b03) for windows-amd64 JRE (1.8.0_202-release-1483-b03), built by "builder" with MS VC++ 10.0 (VS2010)

time: Tue Nov 05 21:50:53 2019
timezone: GMT Standard Time
elapsed time: 1 seconds (0d 0h 0m 1s)

